<?xml version="1.0" encoding="UTF-8"?>
<testsuite name="com.kodilla.testing.shape.ShapeCollectorTestSuite" tests="4" skipped="0" failures="0" errors="0" timestamp="2020-11-18T12:13:17" hostname="Hamonnahs-MacBook-Air.local" time="0.004">
  <properties/>
  <testcase name="testShowFigures" classname="com.kodilla.testing.shape.ShapeCollectorTestSuite" time="0.002"/>
  <testcase name="testRemoveFigure" classname="com.kodilla.testing.shape.ShapeCollectorTestSuite" time="0.001"/>
  <testcase name="testAddFigure" classname="com.kodilla.testing.shape.ShapeCollectorTestSuite" time="0.001"/>
  <testcase name="testGetFigure" classname="com.kodilla.testing.shape.ShapeCollectorTestSuite" time="0.0"/>
  <system-out><![CDATA[This is the beginning of tests...

 Preparing to execute test #1
Test # 1 is finished!

 Preparing to execute test #2
Test # 2 is finished!

 Preparing to execute test #3
Test # 3 is finished!

 Preparing to execute test #4
Test # 4 is finished!

 This is the end of tests.
]]></system-out>
  <system-err><![CDATA[]]></system-err>
</testsuite>
