<?xml version="1.0" encoding="UTF-8"?>
<testsuite name="com.kodilla.KodillaCourseApplicationTests" tests="1" skipped="0" failures="0" errors="0" timestamp="2020-11-18T12:12:47" hostname="Hamonnahs-MacBook-Air.local" time="0.551">
  <properties/>
  <testcase name="contextLoads()" classname="com.kodilla.KodillaCourseApplicationTests" time="0.551"/>
  <system-out><![CDATA[13:12:43.965 [Test worker] DEBUG org.springframework.test.context.BootstrapUtils - Instantiating CacheAwareContextLoaderDelegate from class [org.springframework.test.context.cache.DefaultCacheAwareContextLoaderDelegate]
13:12:43.984 [Test worker] DEBUG org.springframework.test.context.BootstrapUtils - Instantiating BootstrapContext using constructor [public org.springframework.test.context.support.DefaultBootstrapContext(java.lang.Class,org.springframework.test.context.CacheAwareContextLoaderDelegate)]
13:12:44.025 [Test worker] DEBUG org.springframework.test.context.BootstrapUtils - Instantiating TestContextBootstrapper for test class [com.kodilla.KodillaCourseApplicationTests] from class [org.springframework.boot.test.context.SpringBootTestContextBootstrapper]
13:12:44.059 [Test worker] INFO org.springframework.boot.test.context.SpringBootTestContextBootstrapper - Neither @ContextConfiguration nor @ContextHierarchy found for test class [com.kodilla.KodillaCourseApplicationTests], using SpringBootContextLoader
13:12:44.063 [Test worker] DEBUG org.springframework.test.context.support.AbstractContextLoader - Did not detect default resource location for test class [com.kodilla.KodillaCourseApplicationTests]: class path resource [com/kodilla/KodillaCourseApplicationTests-context.xml] does not exist
13:12:44.064 [Test worker] DEBUG org.springframework.test.context.support.AbstractContextLoader - Did not detect default resource location for test class [com.kodilla.KodillaCourseApplicationTests]: class path resource [com/kodilla/KodillaCourseApplicationTestsContext.groovy] does not exist
13:12:44.064 [Test worker] INFO org.springframework.test.context.support.AbstractContextLoader - Could not detect default resource locations for test class [com.kodilla.KodillaCourseApplicationTests]: no resource found for suffixes {-context.xml, Context.groovy}.
13:12:44.067 [Test worker] INFO org.springframework.test.context.support.AnnotationConfigContextLoaderUtils - Could not detect default configuration classes for test class [com.kodilla.KodillaCourseApplicationTests]: KodillaCourseApplicationTests does not declare any static, non-private, non-final, nested classes annotated with @Configuration.
13:12:44.153 [Test worker] DEBUG org.springframework.test.context.support.ActiveProfilesUtils - Could not find an 'annotation declaring class' for annotation type [org.springframework.test.context.ActiveProfiles] and class [com.kodilla.KodillaCourseApplicationTests]
13:12:44.238 [Test worker] DEBUG org.springframework.context.annotation.ClassPathScanningCandidateComponentProvider - Identified candidate component class: file [/Users/hamonnah/Documents/Development/Projects/kodilla-course/build/classes/java/main/com/kodilla/KodillaCourseApplication.class]
13:12:44.239 [Test worker] INFO org.springframework.boot.test.context.SpringBootTestContextBootstrapper - Found @SpringBootConfiguration com.kodilla.KodillaCourseApplication for test class com.kodilla.KodillaCourseApplicationTests
13:12:44.384 [Test worker] DEBUG org.springframework.boot.test.context.SpringBootTestContextBootstrapper - @TestExecutionListeners is not present for class [com.kodilla.KodillaCourseApplicationTests]: using defaults.
13:12:44.386 [Test worker] INFO org.springframework.boot.test.context.SpringBootTestContextBootstrapper - Loaded default TestExecutionListener class names from location [META-INF/spring.factories]: [org.springframework.boot.test.autoconfigure.restdocs.RestDocsTestExecutionListener, org.springframework.boot.test.autoconfigure.web.client.MockRestServiceServerResetTestExecutionListener, org.springframework.boot.test.autoconfigure.web.servlet.MockMvcPrintOnlyOnFailureTestExecutionListener, org.springframework.boot.test.autoconfigure.web.servlet.WebDriverTestExecutionListener, org.springframework.boot.test.autoconfigure.webservices.client.MockWebServiceServerTestExecutionListener, org.springframework.boot.test.mock.mockito.MockitoTestExecutionListener, org.springframework.boot.test.mock.mockito.ResetMocksTestExecutionListener, org.springframework.test.context.web.ServletTestExecutionListener, org.springframework.test.context.support.DirtiesContextBeforeModesTestExecutionListener, org.springframework.test.context.support.DependencyInjectionTestExecutionListener, org.springframework.test.context.support.DirtiesContextTestExecutionListener, org.springframework.test.context.transaction.TransactionalTestExecutionListener, org.springframework.test.context.jdbc.SqlScriptsTestExecutionListener, org.springframework.test.context.event.EventPublishingTestExecutionListener]
13:12:44.414 [Test worker] DEBUG org.springframework.boot.test.context.SpringBootTestContextBootstrapper - Skipping candidate TestExecutionListener [org.springframework.test.context.transaction.TransactionalTestExecutionListener] due to a missing dependency. Specify custom listener classes or make the default listener classes and their required dependencies available. Offending class: [org/springframework/transaction/TransactionDefinition]
13:12:44.415 [Test worker] DEBUG org.springframework.boot.test.context.SpringBootTestContextBootstrapper - Skipping candidate TestExecutionListener [org.springframework.test.context.jdbc.SqlScriptsTestExecutionListener] due to a missing dependency. Specify custom listener classes or make the default listener classes and their required dependencies available. Offending class: [org/springframework/transaction/interceptor/TransactionAttribute]
13:12:44.416 [Test worker] INFO org.springframework.boot.test.context.SpringBootTestContextBootstrapper - Using TestExecutionListeners: [org.springframework.test.context.web.ServletTestExecutionListener@1dac6e1c, org.springframework.test.context.support.DirtiesContextBeforeModesTestExecutionListener@16ec4f99, org.springframework.boot.test.mock.mockito.MockitoTestExecutionListener@69fcb4, org.springframework.boot.test.autoconfigure.SpringBootDependencyInjectionTestExecutionListener@12a39b1b, org.springframework.test.context.support.DirtiesContextTestExecutionListener@6c81cbdd, org.springframework.test.context.event.EventPublishingTestExecutionListener@18e5c153, org.springframework.boot.test.autoconfigure.restdocs.RestDocsTestExecutionListener@572612a7, org.springframework.boot.test.autoconfigure.web.client.MockRestServiceServerResetTestExecutionListener@5953201b, org.springframework.boot.test.autoconfigure.web.servlet.MockMvcPrintOnlyOnFailureTestExecutionListener@3b6ed7cf, org.springframework.boot.test.autoconfigure.web.servlet.WebDriverTestExecutionListener@db776a8, org.springframework.boot.test.autoconfigure.webservices.client.MockWebServiceServerTestExecutionListener@6a63fe93, org.springframework.boot.test.mock.mockito.ResetMocksTestExecutionListener@2af0483c]
13:12:44.422 [Test worker] DEBUG org.springframework.test.context.support.AbstractDirtiesContextTestExecutionListener - Before test class: context [DefaultTestContext@6ffd5aeb testClass = KodillaCourseApplicationTests, testInstance = [null], testMethod = [null], testException = [null], mergedContextConfiguration = [WebMergedContextConfiguration@6d5782f4 testClass = KodillaCourseApplicationTests, locations = '{}', classes = '{class com.kodilla.KodillaCourseApplication}', contextInitializerClasses = '[]', activeProfiles = '{}', propertySourceLocations = '{}', propertySourceProperties = '{org.springframework.boot.test.context.SpringBootTestContextBootstrapper=true}', contextCustomizers = set[org.springframework.boot.test.autoconfigure.properties.PropertyMappingContextCustomizer@0, org.springframework.boot.test.autoconfigure.web.servlet.WebDriverContextCustomizerFactory$Customizer@6870acd4, org.springframework.boot.test.context.filter.ExcludeFilterContextCustomizer@36bdcc13, org.springframework.boot.test.json.DuplicateJsonObjectContextCustomizerFactory$DuplicateJsonObjectContextCustomizer@6a4dcbb8, org.springframework.boot.test.mock.mockito.MockitoContextCustomizer@0, org.springframework.boot.test.web.client.TestRestTemplateContextCustomizer@47ece585, org.springframework.boot.test.context.SpringBootTestArgs@1], resourceBasePath = 'src/main/webapp', contextLoader = 'org.springframework.boot.test.context.SpringBootContextLoader', parent = [null]], attributes = map['org.springframework.test.context.web.ServletTestExecutionListener.activateListener' -> true]], class annotated with @DirtiesContext [false] with mode [null].
13:12:44.461 [Test worker] DEBUG org.springframework.test.context.support.TestPropertySourceUtils - Adding inlined properties to environment: {spring.jmx.enabled=false, org.springframework.boot.test.context.SpringBootTestContextBootstrapper=true}

  .   ____          _            __ _ _
 /\\ / ___'_ __ _ _(_)_ __  __ _ \ \ \ \
( ( )\___ | '_ | '_| | '_ \/ _` | \ \ \ \
 \\/  ___)| |_)| | | | | || (_| |  ) ) ) )
  '  |____| .__|_| |_|_| |_\__, | / / / /
 =========|_|==============|___/=/_/_/_/
 :: Spring Boot ::        (v2.3.0.RELEASE)

2020-11-18 13:12:44.971  INFO 34706 --- [    Test worker] c.kodilla.KodillaCourseApplicationTests  : Starting KodillaCourseApplicationTests on Hamonnahs-MacBook-Air.local with PID 34706 (started by hamonnah in /Users/hamonnah/Documents/Development/Projects/kodilla-course)
2020-11-18 13:12:44.973  INFO 34706 --- [    Test worker] c.kodilla.KodillaCourseApplicationTests  : No active profile set, falling back to default profiles: default
2020-11-18 13:12:46.622  INFO 34706 --- [    Test worker] o.s.s.concurrent.ThreadPoolTaskExecutor  : Initializing ExecutorService 'applicationTaskExecutor'
2020-11-18 13:12:47.061  INFO 34706 --- [    Test worker] c.kodilla.KodillaCourseApplicationTests  : Started KodillaCourseApplicationTests in 2.583 seconds (JVM running for 4.178)
]]></system-out>
  <system-err><![CDATA[]]></system-err>
</testsuite>
