<?xml version="1.0" encoding="UTF-8"?>
<testsuite name="com.kodilla.hibernate.task.dao.TaskFinancialDetailsDaoTestSuite" tests="1" skipped="0" failures="0" errors="0" timestamp="2020-11-18T12:12:57" hostname="Hamonnahs-MacBook-Air.local" time="0.038">
  <properties/>
  <testcase name="testFindByPaid" classname="com.kodilla.hibernate.task.dao.TaskFinancialDetailsDaoTestSuite" time="0.038"/>
  <system-out><![CDATA[2020-11-18 13:12:57.959  INFO 34725 --- [    Test worker] .b.t.c.SpringBootTestContextBootstrapper : Neither @ContextConfiguration nor @ContextHierarchy found for test class [com.kodilla.hibernate.task.dao.TaskFinancialDetailsDaoTestSuite], using SpringBootContextLoader
2020-11-18 13:12:57.964  INFO 34725 --- [    Test worker] o.s.t.c.support.AbstractContextLoader    : Could not detect default resource locations for test class [com.kodilla.hibernate.task.dao.TaskFinancialDetailsDaoTestSuite]: no resource found for suffixes {-context.xml, Context.groovy}.
2020-11-18 13:12:57.964  INFO 34725 --- [    Test worker] t.c.s.AnnotationConfigContextLoaderUtils : Could not detect default configuration classes for test class [com.kodilla.hibernate.task.dao.TaskFinancialDetailsDaoTestSuite]: TaskFinancialDetailsDaoTestSuite does not declare any static, non-private, non-final, nested classes annotated with @Configuration.
2020-11-18 13:12:57.967  INFO 34725 --- [    Test worker] .b.t.c.SpringBootTestContextBootstrapper : Found @SpringBootConfiguration com.kodilla.hibernate.KodillaHibernateApplication for test class com.kodilla.hibernate.task.dao.TaskFinancialDetailsDaoTestSuite
2020-11-18 13:12:57.970  INFO 34725 --- [    Test worker] .b.t.c.SpringBootTestContextBootstrapper : Loaded default TestExecutionListener class names from location [META-INF/spring.factories]: [org.springframework.boot.test.autoconfigure.restdocs.RestDocsTestExecutionListener, org.springframework.boot.test.autoconfigure.web.client.MockRestServiceServerResetTestExecutionListener, org.springframework.boot.test.autoconfigure.web.servlet.MockMvcPrintOnlyOnFailureTestExecutionListener, org.springframework.boot.test.autoconfigure.web.servlet.WebDriverTestExecutionListener, org.springframework.boot.test.autoconfigure.webservices.client.MockWebServiceServerTestExecutionListener, org.springframework.boot.test.mock.mockito.MockitoTestExecutionListener, org.springframework.boot.test.mock.mockito.ResetMocksTestExecutionListener, org.springframework.test.context.web.ServletTestExecutionListener, org.springframework.test.context.support.DirtiesContextBeforeModesTestExecutionListener, org.springframework.test.context.support.DependencyInjectionTestExecutionListener, org.springframework.test.context.support.DirtiesContextTestExecutionListener, org.springframework.test.context.transaction.TransactionalTestExecutionListener, org.springframework.test.context.jdbc.SqlScriptsTestExecutionListener, org.springframework.test.context.event.EventPublishingTestExecutionListener]
2020-11-18 13:12:57.972  INFO 34725 --- [    Test worker] .b.t.c.SpringBootTestContextBootstrapper : Using TestExecutionListeners: [org.springframework.test.context.support.DirtiesContextBeforeModesTestExecutionListener@31a33314, org.springframework.boot.test.mock.mockito.MockitoTestExecutionListener@827b5f0, org.springframework.boot.test.autoconfigure.SpringBootDependencyInjectionTestExecutionListener@553318cf, org.springframework.test.context.support.DirtiesContextTestExecutionListener@6ec780d4, org.springframework.test.context.transaction.TransactionalTestExecutionListener@4654258b, org.springframework.test.context.jdbc.SqlScriptsTestExecutionListener@73e98084, org.springframework.test.context.event.EventPublishingTestExecutionListener@3e510b56, org.springframework.boot.test.autoconfigure.restdocs.RestDocsTestExecutionListener@6cc2fd68, org.springframework.boot.test.autoconfigure.web.client.MockRestServiceServerResetTestExecutionListener@bdde506, org.springframework.boot.test.autoconfigure.web.servlet.MockMvcPrintOnlyOnFailureTestExecutionListener@348fb959, org.springframework.boot.test.autoconfigure.web.servlet.WebDriverTestExecutionListener@2b20f25, org.springframework.boot.test.autoconfigure.webservices.client.MockWebServiceServerTestExecutionListener@79609ba6, org.springframework.boot.test.mock.mockito.ResetMocksTestExecutionListener@1df1a459]
Hibernate: select next_val as id_val from hibernate_sequence for update
Hibernate: update hibernate_sequence set next_val= ? where next_val=?
Hibernate: insert into tasks_financials (paid, price, id) values (?, ?, ?)
Hibernate: select taskfinanc0_.id as id1_8_, taskfinanc0_.paid as paid2_8_, taskfinanc0_.price as price3_8_ from tasks_financials taskfinanc0_ where taskfinanc0_.paid=?
Hibernate: select taskfinanc0_.id as id1_8_, taskfinanc0_.paid as paid2_8_, taskfinanc0_.price as price3_8_ from tasks_financials taskfinanc0_
Hibernate: delete from tasks_financials where id=?
]]></system-out>
  <system-err><![CDATA[]]></system-err>
</testsuite>
