<?xml version="1.0" encoding="UTF-8"?>
<testsuite name="com.kodilla.hibernate.invoice.dao.InvoiceDaoTestSuite" tests="1" skipped="0" failures="0" errors="0" timestamp="2020-11-18T12:12:58" hostname="Hamonnahs-MacBook-Air.local" time="0.089">
  <properties/>
  <testcase name="testInvoiceDaoSave" classname="com.kodilla.hibernate.invoice.dao.InvoiceDaoTestSuite" time="0.089"/>
  <system-out><![CDATA[2020-11-18 13:12:58.020  INFO 34725 --- [    Test worker] .b.t.c.SpringBootTestContextBootstrapper : Neither @ContextConfiguration nor @ContextHierarchy found for test class [com.kodilla.hibernate.invoice.dao.InvoiceDaoTestSuite], using SpringBootContextLoader
2020-11-18 13:12:58.021  INFO 34725 --- [    Test worker] o.s.t.c.support.AbstractContextLoader    : Could not detect default resource locations for test class [com.kodilla.hibernate.invoice.dao.InvoiceDaoTestSuite]: no resource found for suffixes {-context.xml, Context.groovy}.
2020-11-18 13:12:58.022  INFO 34725 --- [    Test worker] t.c.s.AnnotationConfigContextLoaderUtils : Could not detect default configuration classes for test class [com.kodilla.hibernate.invoice.dao.InvoiceDaoTestSuite]: InvoiceDaoTestSuite does not declare any static, non-private, non-final, nested classes annotated with @Configuration.
2020-11-18 13:12:58.032  INFO 34725 --- [    Test worker] .b.t.c.SpringBootTestContextBootstrapper : Found @SpringBootConfiguration com.kodilla.hibernate.KodillaHibernateApplication for test class com.kodilla.hibernate.invoice.dao.InvoiceDaoTestSuite
2020-11-18 13:12:58.035  INFO 34725 --- [    Test worker] .b.t.c.SpringBootTestContextBootstrapper : Loaded default TestExecutionListener class names from location [META-INF/spring.factories]: [org.springframework.boot.test.autoconfigure.restdocs.RestDocsTestExecutionListener, org.springframework.boot.test.autoconfigure.web.client.MockRestServiceServerResetTestExecutionListener, org.springframework.boot.test.autoconfigure.web.servlet.MockMvcPrintOnlyOnFailureTestExecutionListener, org.springframework.boot.test.autoconfigure.web.servlet.WebDriverTestExecutionListener, org.springframework.boot.test.autoconfigure.webservices.client.MockWebServiceServerTestExecutionListener, org.springframework.boot.test.mock.mockito.MockitoTestExecutionListener, org.springframework.boot.test.mock.mockito.ResetMocksTestExecutionListener, org.springframework.test.context.web.ServletTestExecutionListener, org.springframework.test.context.support.DirtiesContextBeforeModesTestExecutionListener, org.springframework.test.context.support.DependencyInjectionTestExecutionListener, org.springframework.test.context.support.DirtiesContextTestExecutionListener, org.springframework.test.context.transaction.TransactionalTestExecutionListener, org.springframework.test.context.jdbc.SqlScriptsTestExecutionListener, org.springframework.test.context.event.EventPublishingTestExecutionListener]
2020-11-18 13:12:58.037  INFO 34725 --- [    Test worker] .b.t.c.SpringBootTestContextBootstrapper : Using TestExecutionListeners: [org.springframework.test.context.support.DirtiesContextBeforeModesTestExecutionListener@6be46a89, org.springframework.boot.test.mock.mockito.MockitoTestExecutionListener@6fae5e91, org.springframework.boot.test.autoconfigure.SpringBootDependencyInjectionTestExecutionListener@1b816ac5, org.springframework.test.context.support.DirtiesContextTestExecutionListener@2b71a3c2, org.springframework.test.context.transaction.TransactionalTestExecutionListener@63092407, org.springframework.test.context.jdbc.SqlScriptsTestExecutionListener@7e4ea421, org.springframework.test.context.event.EventPublishingTestExecutionListener@6e893e6f, org.springframework.boot.test.autoconfigure.restdocs.RestDocsTestExecutionListener@48c0efcf, org.springframework.boot.test.autoconfigure.web.client.MockRestServiceServerResetTestExecutionListener@62c3d3cc, org.springframework.boot.test.autoconfigure.web.servlet.MockMvcPrintOnlyOnFailureTestExecutionListener@69a71c19, org.springframework.boot.test.autoconfigure.web.servlet.WebDriverTestExecutionListener@4efa2d04, org.springframework.boot.test.autoconfigure.webservices.client.MockWebServiceServerTestExecutionListener@10b0d83, org.springframework.boot.test.mock.mockito.ResetMocksTestExecutionListener@7d2ae3dd]
Hibernate: select next_val as id_val from hibernate_sequence for update
Hibernate: update hibernate_sequence set next_val= ? where next_val=?
Hibernate: select next_val as id_val from hibernate_sequence for update
Hibernate: update hibernate_sequence set next_val= ? where next_val=?
Hibernate: select next_val as id_val from hibernate_sequence for update
Hibernate: update hibernate_sequence set next_val= ? where next_val=?
Hibernate: select next_val as id_val from hibernate_sequence for update
Hibernate: update hibernate_sequence set next_val= ? where next_val=?
Hibernate: select next_val as id_val from hibernate_sequence for update
Hibernate: update hibernate_sequence set next_val= ? where next_val=?
Hibernate: insert into invoices (numbers, id) values (?, ?)
Hibernate: insert into products (name, product_id) values (?, ?)
Hibernate: insert into items (invoice_id, price, product_id, quantity, value, item_id) values (?, ?, ?, ?, ?, ?)
Hibernate: insert into products (name, product_id) values (?, ?)
Hibernate: insert into items (invoice_id, price, product_id, quantity, value, item_id) values (?, ?, ?, ?, ?, ?)
Hibernate: select next_val as id_val from hibernate_sequence for update
Hibernate: update hibernate_sequence set next_val= ? where next_val=?
Hibernate: select next_val as id_val from hibernate_sequence for update
Hibernate: update hibernate_sequence set next_val= ? where next_val=?
Hibernate: select next_val as id_val from hibernate_sequence for update
Hibernate: update hibernate_sequence set next_val= ? where next_val=?
Hibernate: insert into invoices (numbers, id) values (?, ?)
Hibernate: insert into products (name, product_id) values (?, ?)
Hibernate: insert into items (invoice_id, price, product_id, quantity, value, item_id) values (?, ?, ?, ?, ?, ?)
Hibernate: select invoice0_.id as id1_2_0_, invoice0_.numbers as numbers2_2_0_ from invoices invoice0_ where invoice0_.id=?
Hibernate: select invoice0_.id as id1_2_0_, invoice0_.numbers as numbers2_2_0_ from invoices invoice0_ where invoice0_.id=?
Hibernate: select items0_.invoice_id as invoice_5_3_0_, items0_.item_id as item_id1_3_0_, items0_.item_id as item_id1_3_1_, items0_.invoice_id as invoice_5_3_1_, items0_.price as price2_3_1_, items0_.product_id as product_6_3_1_, items0_.quantity as quantity3_3_1_, items0_.value as value4_3_1_, product1_.product_id as product_1_5_2_, product1_.name as name2_5_2_ from items items0_ left outer join products product1_ on items0_.product_id=product1_.product_id where items0_.invoice_id=?
Hibernate: delete from invoices where id=?
Hibernate: select invoice0_.id as id1_2_0_, invoice0_.numbers as numbers2_2_0_ from invoices invoice0_ where invoice0_.id=?
Hibernate: select items0_.invoice_id as invoice_5_3_0_, items0_.item_id as item_id1_3_0_, items0_.item_id as item_id1_3_1_, items0_.invoice_id as invoice_5_3_1_, items0_.price as price2_3_1_, items0_.product_id as product_6_3_1_, items0_.quantity as quantity3_3_1_, items0_.value as value4_3_1_, product1_.product_id as product_1_5_2_, product1_.name as name2_5_2_ from items items0_ left outer join products product1_ on items0_.product_id=product1_.product_id where items0_.invoice_id=?
Hibernate: delete from invoices where id=?
]]></system-out>
  <system-err><![CDATA[]]></system-err>
</testsuite>
