<?xml version="1.0" encoding="UTF-8"?>
<testsuite name="com.kodilla.patterns.strategy.social.UserTestSuite" tests="2" skipped="0" failures="0" errors="0" timestamp="2020-11-18T12:13:01" hostname="Hamonnahs-MacBook-Air.local" time="0.004">
  <properties/>
  <testcase name="testDefaultSharingStrategies" classname="com.kodilla.patterns.strategy.social.UserTestSuite" time="0.003"/>
  <testcase name="testIndividualSharingStrategy" classname="com.kodilla.patterns.strategy.social.UserTestSuite" time="0.001"/>
  <system-out><![CDATA[sharing post on Facebook...
sharing post on Twitter...
sharing post on Snapchat...
sharing post on Twitter...
]]></system-out>
  <system-err><![CDATA[]]></system-err>
</testsuite>
