<?xml version="1.0" encoding="UTF-8"?>
<testsuite name="com.kodilla.patterns.builder.bigmac.BigMacBuilderTestSuite" tests="1" skipped="0" failures="0" errors="0" timestamp="2020-11-18T12:13:01" hostname="Hamonnahs-MacBook-Air.local" time="0.003">
  <properties/>
  <testcase name="testBigmacBuilder" classname="com.kodilla.patterns.builder.bigmac.BigMacBuilderTestSuite" time="0.003"/>
  <system-out><![CDATA[]]></system-out>
  <system-err><![CDATA[]]></system-err>
</testsuite>
