<?xml version="1.0" encoding="UTF-8"?>
<testsuite name="com.kodilla.patterns.tasks.TaskFactoryTestSuite" tests="3" skipped="0" failures="0" errors="0" timestamp="2020-11-18T12:13:00" hostname="Hamonnahs-MacBook-Air.local" time="0.007">
  <properties/>
  <testcase name="testFactoryPainting" classname="com.kodilla.patterns.tasks.TaskFactoryTestSuite" time="0.003"/>
  <testcase name="testFactoryDriving" classname="com.kodilla.patterns.tasks.TaskFactoryTestSuite" time="0.001"/>
  <testcase name="testFactoryShopping" classname="com.kodilla.patterns.tasks.TaskFactoryTestSuite" time="0.001"/>
  <system-out><![CDATA[]]></system-out>
  <system-err><![CDATA[]]></system-err>
</testsuite>
