<?xml version="1.0" encoding="UTF-8"?>
<testsuite name="com.kodilla.spring.web.KodillaSpringWebApplicationTests" tests="1" skipped="0" failures="0" errors="0" timestamp="2020-11-18T12:13:14" hostname="Hamonnahs-MacBook-Air.local" time="0.219">
  <properties/>
  <testcase name="contextLoads()" classname="com.kodilla.spring.web.KodillaSpringWebApplicationTests" time="0.219"/>
  <system-out><![CDATA[13:13:11.554 [Test worker] DEBUG org.springframework.test.context.BootstrapUtils - Instantiating CacheAwareContextLoaderDelegate from class [org.springframework.test.context.cache.DefaultCacheAwareContextLoaderDelegate]
13:13:11.568 [Test worker] DEBUG org.springframework.test.context.BootstrapUtils - Instantiating BootstrapContext using constructor [public org.springframework.test.context.support.DefaultBootstrapContext(java.lang.Class,org.springframework.test.context.CacheAwareContextLoaderDelegate)]
13:13:11.613 [Test worker] DEBUG org.springframework.test.context.BootstrapUtils - Instantiating TestContextBootstrapper for test class [com.kodilla.spring.web.KodillaSpringWebApplicationTests] from class [org.springframework.boot.test.context.SpringBootTestContextBootstrapper]
13:13:11.642 [Test worker] INFO org.springframework.boot.test.context.SpringBootTestContextBootstrapper - Neither @ContextConfiguration nor @ContextHierarchy found for test class [com.kodilla.spring.web.KodillaSpringWebApplicationTests], using SpringBootContextLoader
13:13:11.649 [Test worker] DEBUG org.springframework.test.context.support.AbstractContextLoader - Did not detect default resource location for test class [com.kodilla.spring.web.KodillaSpringWebApplicationTests]: class path resource [com/kodilla/spring/web/KodillaSpringWebApplicationTests-context.xml] does not exist
13:13:11.649 [Test worker] DEBUG org.springframework.test.context.support.AbstractContextLoader - Did not detect default resource location for test class [com.kodilla.spring.web.KodillaSpringWebApplicationTests]: class path resource [com/kodilla/spring/web/KodillaSpringWebApplicationTestsContext.groovy] does not exist
13:13:11.650 [Test worker] INFO org.springframework.test.context.support.AbstractContextLoader - Could not detect default resource locations for test class [com.kodilla.spring.web.KodillaSpringWebApplicationTests]: no resource found for suffixes {-context.xml, Context.groovy}.
13:13:11.651 [Test worker] INFO org.springframework.test.context.support.AnnotationConfigContextLoaderUtils - Could not detect default configuration classes for test class [com.kodilla.spring.web.KodillaSpringWebApplicationTests]: KodillaSpringWebApplicationTests does not declare any static, non-private, non-final, nested classes annotated with @Configuration.
13:13:11.696 [Test worker] DEBUG org.springframework.test.context.support.ActiveProfilesUtils - Could not find an 'annotation declaring class' for annotation type [org.springframework.test.context.ActiveProfiles] and class [com.kodilla.spring.web.KodillaSpringWebApplicationTests]
13:13:11.777 [Test worker] DEBUG org.springframework.context.annotation.ClassPathScanningCandidateComponentProvider - Identified candidate component class: file [/Users/hamonnah/Documents/Development/Projects/kodilla-course/kodilla-spring-web/build/classes/java/main/com/kodilla/spring/web/KodillaSpringWebApplication.class]
13:13:11.778 [Test worker] INFO org.springframework.boot.test.context.SpringBootTestContextBootstrapper - Found @SpringBootConfiguration com.kodilla.spring.web.KodillaSpringWebApplication for test class com.kodilla.spring.web.KodillaSpringWebApplicationTests
13:13:11.907 [Test worker] DEBUG org.springframework.boot.test.context.SpringBootTestContextBootstrapper - @TestExecutionListeners is not present for class [com.kodilla.spring.web.KodillaSpringWebApplicationTests]: using defaults.
13:13:11.908 [Test worker] INFO org.springframework.boot.test.context.SpringBootTestContextBootstrapper - Loaded default TestExecutionListener class names from location [META-INF/spring.factories]: [org.springframework.boot.test.autoconfigure.restdocs.RestDocsTestExecutionListener, org.springframework.boot.test.autoconfigure.web.client.MockRestServiceServerResetTestExecutionListener, org.springframework.boot.test.autoconfigure.web.servlet.MockMvcPrintOnlyOnFailureTestExecutionListener, org.springframework.boot.test.autoconfigure.web.servlet.WebDriverTestExecutionListener, org.springframework.boot.test.autoconfigure.webservices.client.MockWebServiceServerTestExecutionListener, org.springframework.boot.test.mock.mockito.MockitoTestExecutionListener, org.springframework.boot.test.mock.mockito.ResetMocksTestExecutionListener, org.springframework.test.context.web.ServletTestExecutionListener, org.springframework.test.context.support.DirtiesContextBeforeModesTestExecutionListener, org.springframework.test.context.support.DependencyInjectionTestExecutionListener, org.springframework.test.context.support.DirtiesContextTestExecutionListener, org.springframework.test.context.transaction.TransactionalTestExecutionListener, org.springframework.test.context.jdbc.SqlScriptsTestExecutionListener, org.springframework.test.context.event.EventPublishingTestExecutionListener]
13:13:11.921 [Test worker] DEBUG org.springframework.boot.test.context.SpringBootTestContextBootstrapper - Skipping candidate TestExecutionListener [org.springframework.test.context.transaction.TransactionalTestExecutionListener] due to a missing dependency. Specify custom listener classes or make the default listener classes and their required dependencies available. Offending class: [org/springframework/transaction/TransactionDefinition]
13:13:11.922 [Test worker] DEBUG org.springframework.boot.test.context.SpringBootTestContextBootstrapper - Skipping candidate TestExecutionListener [org.springframework.test.context.jdbc.SqlScriptsTestExecutionListener] due to a missing dependency. Specify custom listener classes or make the default listener classes and their required dependencies available. Offending class: [org/springframework/transaction/interceptor/TransactionAttribute]
13:13:11.922 [Test worker] INFO org.springframework.boot.test.context.SpringBootTestContextBootstrapper - Using TestExecutionListeners: [org.springframework.test.context.web.ServletTestExecutionListener@31ab0741, org.springframework.test.context.support.DirtiesContextBeforeModesTestExecutionListener@5ea4d84f, org.springframework.boot.test.mock.mockito.MockitoTestExecutionListener@5baea083, org.springframework.boot.test.autoconfigure.SpringBootDependencyInjectionTestExecutionListener@22077ebd, org.springframework.test.context.support.DirtiesContextTestExecutionListener@4bffe4b3, org.springframework.test.context.event.EventPublishingTestExecutionListener@33612b23, org.springframework.boot.test.autoconfigure.restdocs.RestDocsTestExecutionListener@1de52f74, org.springframework.boot.test.autoconfigure.web.client.MockRestServiceServerResetTestExecutionListener@40e58e3, org.springframework.boot.test.autoconfigure.web.servlet.MockMvcPrintOnlyOnFailureTestExecutionListener@3060eead, org.springframework.boot.test.autoconfigure.web.servlet.WebDriverTestExecutionListener@ae2e3b1, org.springframework.boot.test.autoconfigure.webservices.client.MockWebServiceServerTestExecutionListener@3ec8e316, org.springframework.boot.test.mock.mockito.ResetMocksTestExecutionListener@48f76d6c]
13:13:11.927 [Test worker] DEBUG org.springframework.test.context.support.AbstractDirtiesContextTestExecutionListener - Before test class: context [DefaultTestContext@f9236b5 testClass = KodillaSpringWebApplicationTests, testInstance = [null], testMethod = [null], testException = [null], mergedContextConfiguration = [WebMergedContextConfiguration@649ab06b testClass = KodillaSpringWebApplicationTests, locations = '{}', classes = '{class com.kodilla.spring.web.KodillaSpringWebApplication}', contextInitializerClasses = '[]', activeProfiles = '{}', propertySourceLocations = '{}', propertySourceProperties = '{org.springframework.boot.test.context.SpringBootTestContextBootstrapper=true}', contextCustomizers = set[org.springframework.boot.test.autoconfigure.properties.PropertyMappingContextCustomizer@0, org.springframework.boot.test.autoconfigure.web.servlet.WebDriverContextCustomizerFactory$Customizer@5a0acbbb, org.springframework.boot.test.context.filter.ExcludeFilterContextCustomizer@dff4445, org.springframework.boot.test.json.DuplicateJsonObjectContextCustomizerFactory$DuplicateJsonObjectContextCustomizer@7b5b0e56, org.springframework.boot.test.mock.mockito.MockitoContextCustomizer@0, org.springframework.boot.test.web.client.TestRestTemplateContextCustomizer@357d3b10, org.springframework.boot.test.context.SpringBootTestArgs@1], resourceBasePath = 'src/main/webapp', contextLoader = 'org.springframework.boot.test.context.SpringBootContextLoader', parent = [null]], attributes = map['org.springframework.test.context.web.ServletTestExecutionListener.activateListener' -> true]], class annotated with @DirtiesContext [false] with mode [null].
13:13:11.962 [Test worker] DEBUG org.springframework.test.context.support.TestPropertySourceUtils - Adding inlined properties to environment: {spring.jmx.enabled=false, org.springframework.boot.test.context.SpringBootTestContextBootstrapper=true}

  .   ____          _            __ _ _
 /\\ / ___'_ __ _ _(_)_ __  __ _ \ \ \ \
( ( )\___ | '_ | '_| | '_ \/ _` | \ \ \ \
 \\/  ___)| |_)| | | | | || (_| |  ) ) ) )
  '  |____| .__|_| |_|_| |_\__, | / / / /
 =========|_|==============|___/=/_/_/_/
 :: Spring Boot ::        (v2.3.0.RELEASE)

2020-11-18 13:13:12.376  INFO 34759 --- [    Test worker] c.k.s.w.KodillaSpringWebApplicationTests : Starting KodillaSpringWebApplicationTests on Hamonnahs-MacBook-Air.local with PID 34759 (started by hamonnah in /Users/hamonnah/Documents/Development/Projects/kodilla-course/kodilla-spring-web)
2020-11-18 13:13:12.378  INFO 34759 --- [    Test worker] c.k.s.w.KodillaSpringWebApplicationTests : No active profile set, falling back to default profiles: default
2020-11-18 13:13:14.039  INFO 34759 --- [    Test worker] o.s.s.concurrent.ThreadPoolTaskExecutor  : Initializing ExecutorService 'applicationTaskExecutor'
2020-11-18 13:13:14.474  INFO 34759 --- [    Test worker] c.k.s.w.KodillaSpringWebApplicationTests : Started KodillaSpringWebApplicationTests in 2.502 seconds (JVM running for 3.898)
]]></system-out>
  <system-err><![CDATA[]]></system-err>
</testsuite>
