<?xml version="1.0" encoding="UTF-8"?>
<testsuite name="com.kodilla.spring.introduction.SpringRunnerTestSuite" tests="4" skipped="0" failures="0" errors="0" timestamp="2020-11-18T12:13:08" hostname="Hamonnahs-MacBook-Air.local" time="0.612">
  <properties/>
  <testcase name="testCircleLoadedIntoContainer" classname="com.kodilla.spring.introduction.SpringRunnerTestSuite" time="0.175"/>
  <testcase name="testSquareLoadedIntroContainer" classname="com.kodilla.spring.introduction.SpringRunnerTestSuite" time="0.151"/>
  <testcase name="testShapeLoadedIntoContainer" classname="com.kodilla.spring.introduction.SpringRunnerTestSuite" time="0.145"/>
  <testcase name="testTriangleLoadedIntoContainer" classname="com.kodilla.spring.introduction.SpringRunnerTestSuite" time="0.136"/>
  <system-out><![CDATA[2020-11-18 13:13:08.841  INFO 34756 --- [    Test worker] .b.t.c.SpringBootTestContextBootstrapper : Neither @ContextConfiguration nor @ContextHierarchy found for test class [com.kodilla.spring.introduction.SpringRunnerTestSuite], using SpringBootContextLoader
2020-11-18 13:13:08.843  INFO 34756 --- [    Test worker] o.s.t.c.support.AbstractContextLoader    : Could not detect default resource locations for test class [com.kodilla.spring.introduction.SpringRunnerTestSuite]: no resource found for suffixes {-context.xml, Context.groovy}.
2020-11-18 13:13:08.844  INFO 34756 --- [    Test worker] t.c.s.AnnotationConfigContextLoaderUtils : Could not detect default configuration classes for test class [com.kodilla.spring.introduction.SpringRunnerTestSuite]: SpringRunnerTestSuite does not declare any static, non-private, non-final, nested classes annotated with @Configuration.
2020-11-18 13:13:08.854  INFO 34756 --- [    Test worker] .b.t.c.SpringBootTestContextBootstrapper : Found @SpringBootConfiguration com.kodilla.spring.introduction.SpringRunner for test class com.kodilla.spring.introduction.SpringRunnerTestSuite
2020-11-18 13:13:08.865  INFO 34756 --- [    Test worker] .b.t.c.SpringBootTestContextBootstrapper : Loaded default TestExecutionListener class names from location [META-INF/spring.factories]: [org.springframework.boot.test.autoconfigure.restdocs.RestDocsTestExecutionListener, org.springframework.boot.test.autoconfigure.web.client.MockRestServiceServerResetTestExecutionListener, org.springframework.boot.test.autoconfigure.web.servlet.MockMvcPrintOnlyOnFailureTestExecutionListener, org.springframework.boot.test.autoconfigure.web.servlet.WebDriverTestExecutionListener, org.springframework.boot.test.autoconfigure.webservices.client.MockWebServiceServerTestExecutionListener, org.springframework.boot.test.mock.mockito.MockitoTestExecutionListener, org.springframework.boot.test.mock.mockito.ResetMocksTestExecutionListener, org.springframework.test.context.web.ServletTestExecutionListener, org.springframework.test.context.support.DirtiesContextBeforeModesTestExecutionListener, org.springframework.test.context.support.DependencyInjectionTestExecutionListener, org.springframework.test.context.support.DirtiesContextTestExecutionListener, org.springframework.test.context.transaction.TransactionalTestExecutionListener, org.springframework.test.context.jdbc.SqlScriptsTestExecutionListener, org.springframework.test.context.event.EventPublishingTestExecutionListener]
2020-11-18 13:13:08.868  INFO 34756 --- [    Test worker] .b.t.c.SpringBootTestContextBootstrapper : Using TestExecutionListeners: [org.springframework.test.context.support.DirtiesContextBeforeModesTestExecutionListener@4683bc8f, org.springframework.boot.test.mock.mockito.MockitoTestExecutionListener@3c43aa7e, org.springframework.boot.test.autoconfigure.SpringBootDependencyInjectionTestExecutionListener@78d62bf7, org.springframework.test.context.support.DirtiesContextTestExecutionListener@7ca39967, org.springframework.test.context.event.EventPublishingTestExecutionListener@271f35b8, org.springframework.boot.test.autoconfigure.restdocs.RestDocsTestExecutionListener@6ae6b7f, org.springframework.boot.test.autoconfigure.web.client.MockRestServiceServerResetTestExecutionListener@4f6e71ce, org.springframework.boot.test.autoconfigure.web.servlet.MockMvcPrintOnlyOnFailureTestExecutionListener@2f66b1e5, org.springframework.boot.test.autoconfigure.web.servlet.WebDriverTestExecutionListener@718af344, org.springframework.boot.test.autoconfigure.webservices.client.MockWebServiceServerTestExecutionListener@40a9b99, org.springframework.boot.test.mock.mockito.ResetMocksTestExecutionListener@38d67ad7]
Chosen shape says: This is a circle
]]></system-out>
  <system-err><![CDATA[]]></system-err>
</testsuite>
