<?xml version="1.0" encoding="UTF-8"?>
<testsuite name="com.kodilla.spring.introduction.portfolio.BoardTestSuite" tests="1" skipped="0" failures="0" errors="0" timestamp="2020-11-18T12:13:08" hostname="Hamonnahs-MacBook-Air.local" time="0.003">
  <properties/>
  <testcase name="testTaskAdd" classname="com.kodilla.spring.introduction.portfolio.BoardTestSuite" time="0.003"/>
  <system-out><![CDATA[2020-11-18 13:13:08.790  INFO 34756 --- [    Test worker] .b.t.c.SpringBootTestContextBootstrapper : Neither @ContextConfiguration nor @ContextHierarchy found for test class [com.kodilla.spring.introduction.portfolio.BoardTestSuite], using SpringBootContextLoader
2020-11-18 13:13:08.793  INFO 34756 --- [    Test worker] o.s.t.c.support.AbstractContextLoader    : Could not detect default resource locations for test class [com.kodilla.spring.introduction.portfolio.BoardTestSuite]: no resource found for suffixes {-context.xml, Context.groovy}.
2020-11-18 13:13:08.795  INFO 34756 --- [    Test worker] t.c.s.AnnotationConfigContextLoaderUtils : Could not detect default configuration classes for test class [com.kodilla.spring.introduction.portfolio.BoardTestSuite]: BoardTestSuite does not declare any static, non-private, non-final, nested classes annotated with @Configuration.
2020-11-18 13:13:08.810  INFO 34756 --- [    Test worker] .b.t.c.SpringBootTestContextBootstrapper : Found @SpringBootConfiguration com.kodilla.spring.introduction.SpringRunner for test class com.kodilla.spring.introduction.portfolio.BoardTestSuite
2020-11-18 13:13:08.814  INFO 34756 --- [    Test worker] .b.t.c.SpringBootTestContextBootstrapper : Loaded default TestExecutionListener class names from location [META-INF/spring.factories]: [org.springframework.boot.test.autoconfigure.restdocs.RestDocsTestExecutionListener, org.springframework.boot.test.autoconfigure.web.client.MockRestServiceServerResetTestExecutionListener, org.springframework.boot.test.autoconfigure.web.servlet.MockMvcPrintOnlyOnFailureTestExecutionListener, org.springframework.boot.test.autoconfigure.web.servlet.WebDriverTestExecutionListener, org.springframework.boot.test.autoconfigure.webservices.client.MockWebServiceServerTestExecutionListener, org.springframework.boot.test.mock.mockito.MockitoTestExecutionListener, org.springframework.boot.test.mock.mockito.ResetMocksTestExecutionListener, org.springframework.test.context.web.ServletTestExecutionListener, org.springframework.test.context.support.DirtiesContextBeforeModesTestExecutionListener, org.springframework.test.context.support.DependencyInjectionTestExecutionListener, org.springframework.test.context.support.DirtiesContextTestExecutionListener, org.springframework.test.context.transaction.TransactionalTestExecutionListener, org.springframework.test.context.jdbc.SqlScriptsTestExecutionListener, org.springframework.test.context.event.EventPublishingTestExecutionListener]
2020-11-18 13:13:08.816  INFO 34756 --- [    Test worker] .b.t.c.SpringBootTestContextBootstrapper : Using TestExecutionListeners: [org.springframework.test.context.support.DirtiesContextBeforeModesTestExecutionListener@d60b8a9, org.springframework.boot.test.mock.mockito.MockitoTestExecutionListener@5b8accbe, org.springframework.boot.test.autoconfigure.SpringBootDependencyInjectionTestExecutionListener@10ae9b18, org.springframework.test.context.support.DirtiesContextTestExecutionListener@1d4b4aff, org.springframework.test.context.event.EventPublishingTestExecutionListener@15661c0f, org.springframework.boot.test.autoconfigure.restdocs.RestDocsTestExecutionListener@1884dd21, org.springframework.boot.test.autoconfigure.web.client.MockRestServiceServerResetTestExecutionListener@7c96e372, org.springframework.boot.test.autoconfigure.web.servlet.MockMvcPrintOnlyOnFailureTestExecutionListener@3bcd52ad, org.springframework.boot.test.autoconfigure.web.servlet.WebDriverTestExecutionListener@1eeea7bf, org.springframework.boot.test.autoconfigure.webservices.client.MockWebServiceServerTestExecutionListener@203d1c96, org.springframework.boot.test.mock.mockito.ResetMocksTestExecutionListener@6bfbf690]
]]></system-out>
  <system-err><![CDATA[]]></system-err>
</testsuite>
