<?xml version="1.0" encoding="UTF-8"?>
<testsuite name="com.kodilla.spring.introduction.calculator.CalculatorTestSuite" tests="4" skipped="0" failures="0" errors="0" timestamp="2020-11-18T12:13:08" hostname="Hamonnahs-MacBook-Air.local" time="0.257">
  <properties/>
  <testcase name="testAddCalculations" classname="com.kodilla.spring.introduction.calculator.CalculatorTestSuite" time="0.245"/>
  <testcase name="testDivCalculations" classname="com.kodilla.spring.introduction.calculator.CalculatorTestSuite" time="0.004"/>
  <testcase name="testSubCalculations" classname="com.kodilla.spring.introduction.calculator.CalculatorTestSuite" time="0.003"/>
  <testcase name="testMulCalculations" classname="com.kodilla.spring.introduction.calculator.CalculatorTestSuite" time="0.002"/>
  <system-out><![CDATA[13:13:06.695 [Test worker] DEBUG org.springframework.test.context.junit4.SpringJUnit4ClassRunner - SpringJUnit4ClassRunner constructor called with [class com.kodilla.spring.introduction.calculator.CalculatorTestSuite]
13:13:06.703 [Test worker] DEBUG org.springframework.test.context.BootstrapUtils - Instantiating CacheAwareContextLoaderDelegate from class [org.springframework.test.context.cache.DefaultCacheAwareContextLoaderDelegate]
13:13:06.713 [Test worker] DEBUG org.springframework.test.context.BootstrapUtils - Instantiating BootstrapContext using constructor [public org.springframework.test.context.support.DefaultBootstrapContext(java.lang.Class,org.springframework.test.context.CacheAwareContextLoaderDelegate)]
13:13:06.761 [Test worker] DEBUG org.springframework.test.context.BootstrapUtils - Instantiating TestContextBootstrapper for test class [com.kodilla.spring.introduction.calculator.CalculatorTestSuite] from class [org.springframework.boot.test.context.SpringBootTestContextBootstrapper]
13:13:06.782 [Test worker] INFO org.springframework.boot.test.context.SpringBootTestContextBootstrapper - Neither @ContextConfiguration nor @ContextHierarchy found for test class [com.kodilla.spring.introduction.calculator.CalculatorTestSuite], using SpringBootContextLoader
13:13:06.793 [Test worker] DEBUG org.springframework.test.context.support.AbstractContextLoader - Did not detect default resource location for test class [com.kodilla.spring.introduction.calculator.CalculatorTestSuite]: class path resource [com/kodilla/spring/introduction/calculator/CalculatorTestSuite-context.xml] does not exist
13:13:06.794 [Test worker] DEBUG org.springframework.test.context.support.AbstractContextLoader - Did not detect default resource location for test class [com.kodilla.spring.introduction.calculator.CalculatorTestSuite]: class path resource [com/kodilla/spring/introduction/calculator/CalculatorTestSuiteContext.groovy] does not exist
13:13:06.795 [Test worker] INFO org.springframework.test.context.support.AbstractContextLoader - Could not detect default resource locations for test class [com.kodilla.spring.introduction.calculator.CalculatorTestSuite]: no resource found for suffixes {-context.xml, Context.groovy}.
13:13:06.796 [Test worker] INFO org.springframework.test.context.support.AnnotationConfigContextLoaderUtils - Could not detect default configuration classes for test class [com.kodilla.spring.introduction.calculator.CalculatorTestSuite]: CalculatorTestSuite does not declare any static, non-private, non-final, nested classes annotated with @Configuration.
13:13:06.870 [Test worker] DEBUG org.springframework.test.context.support.ActiveProfilesUtils - Could not find an 'annotation declaring class' for annotation type [org.springframework.test.context.ActiveProfiles] and class [com.kodilla.spring.introduction.calculator.CalculatorTestSuite]
13:13:06.955 [Test worker] DEBUG org.springframework.context.annotation.ClassPathScanningCandidateComponentProvider - Identified candidate component class: file [/Users/hamonnah/Documents/Development/Projects/kodilla-course/kodilla-spring-introduction/build/classes/java/main/com/kodilla/spring/introduction/SpringRunner.class]
13:13:06.957 [Test worker] INFO org.springframework.boot.test.context.SpringBootTestContextBootstrapper - Found @SpringBootConfiguration com.kodilla.spring.introduction.SpringRunner for test class com.kodilla.spring.introduction.calculator.CalculatorTestSuite
13:13:07.077 [Test worker] DEBUG org.springframework.boot.test.context.SpringBootTestContextBootstrapper - @TestExecutionListeners is not present for class [com.kodilla.spring.introduction.calculator.CalculatorTestSuite]: using defaults.
13:13:07.077 [Test worker] INFO org.springframework.boot.test.context.SpringBootTestContextBootstrapper - Loaded default TestExecutionListener class names from location [META-INF/spring.factories]: [org.springframework.boot.test.autoconfigure.restdocs.RestDocsTestExecutionListener, org.springframework.boot.test.autoconfigure.web.client.MockRestServiceServerResetTestExecutionListener, org.springframework.boot.test.autoconfigure.web.servlet.MockMvcPrintOnlyOnFailureTestExecutionListener, org.springframework.boot.test.autoconfigure.web.servlet.WebDriverTestExecutionListener, org.springframework.boot.test.autoconfigure.webservices.client.MockWebServiceServerTestExecutionListener, org.springframework.boot.test.mock.mockito.MockitoTestExecutionListener, org.springframework.boot.test.mock.mockito.ResetMocksTestExecutionListener, org.springframework.test.context.web.ServletTestExecutionListener, org.springframework.test.context.support.DirtiesContextBeforeModesTestExecutionListener, org.springframework.test.context.support.DependencyInjectionTestExecutionListener, org.springframework.test.context.support.DirtiesContextTestExecutionListener, org.springframework.test.context.transaction.TransactionalTestExecutionListener, org.springframework.test.context.jdbc.SqlScriptsTestExecutionListener, org.springframework.test.context.event.EventPublishingTestExecutionListener]
13:13:07.085 [Test worker] DEBUG org.springframework.boot.test.context.SpringBootTestContextBootstrapper - Skipping candidate TestExecutionListener [org.springframework.test.context.web.ServletTestExecutionListener] due to a missing dependency. Specify custom listener classes or make the default listener classes and their required dependencies available. Offending class: [javax/servlet/ServletContext]
13:13:07.088 [Test worker] DEBUG org.springframework.boot.test.context.SpringBootTestContextBootstrapper - Skipping candidate TestExecutionListener [org.springframework.test.context.transaction.TransactionalTestExecutionListener] due to a missing dependency. Specify custom listener classes or make the default listener classes and their required dependencies available. Offending class: [org/springframework/transaction/TransactionDefinition]
13:13:07.089 [Test worker] DEBUG org.springframework.boot.test.context.SpringBootTestContextBootstrapper - Skipping candidate TestExecutionListener [org.springframework.test.context.jdbc.SqlScriptsTestExecutionListener] due to a missing dependency. Specify custom listener classes or make the default listener classes and their required dependencies available. Offending class: [org/springframework/transaction/interceptor/TransactionAttribute]
13:13:07.090 [Test worker] INFO org.springframework.boot.test.context.SpringBootTestContextBootstrapper - Using TestExecutionListeners: [org.springframework.test.context.support.DirtiesContextBeforeModesTestExecutionListener@3a77bfd7, org.springframework.boot.test.mock.mockito.MockitoTestExecutionListener@4f971fa6, org.springframework.boot.test.autoconfigure.SpringBootDependencyInjectionTestExecutionListener@436c0d41, org.springframework.test.context.support.DirtiesContextTestExecutionListener@60b1fe7c, org.springframework.test.context.event.EventPublishingTestExecutionListener@67bf6cba, org.springframework.boot.test.autoconfigure.restdocs.RestDocsTestExecutionListener@102225c4, org.springframework.boot.test.autoconfigure.web.client.MockRestServiceServerResetTestExecutionListener@33873484, org.springframework.boot.test.autoconfigure.web.servlet.MockMvcPrintOnlyOnFailureTestExecutionListener@5caa6e96, org.springframework.boot.test.autoconfigure.web.servlet.WebDriverTestExecutionListener@40ec0305, org.springframework.boot.test.autoconfigure.webservices.client.MockWebServiceServerTestExecutionListener@416112d9, org.springframework.boot.test.mock.mockito.ResetMocksTestExecutionListener@4b482d65]
13:13:07.092 [Test worker] DEBUG org.springframework.test.annotation.ProfileValueUtils - Retrieved @ProfileValueSourceConfiguration [null] for test class [com.kodilla.spring.introduction.calculator.CalculatorTestSuite]
13:13:07.094 [Test worker] DEBUG org.springframework.test.annotation.ProfileValueUtils - Retrieved ProfileValueSource type [class org.springframework.test.annotation.SystemProfileValueSource] for class [com.kodilla.spring.introduction.calculator.CalculatorTestSuite]
13:13:07.095 [Test worker] DEBUG org.springframework.test.annotation.ProfileValueUtils - Retrieved @ProfileValueSourceConfiguration [null] for test class [com.kodilla.spring.introduction.calculator.CalculatorTestSuite]
13:13:07.096 [Test worker] DEBUG org.springframework.test.annotation.ProfileValueUtils - Retrieved ProfileValueSource type [class org.springframework.test.annotation.SystemProfileValueSource] for class [com.kodilla.spring.introduction.calculator.CalculatorTestSuite]
13:13:07.097 [Test worker] DEBUG org.springframework.test.annotation.ProfileValueUtils - Retrieved @ProfileValueSourceConfiguration [null] for test class [com.kodilla.spring.introduction.calculator.CalculatorTestSuite]
13:13:07.097 [Test worker] DEBUG org.springframework.test.annotation.ProfileValueUtils - Retrieved ProfileValueSource type [class org.springframework.test.annotation.SystemProfileValueSource] for class [com.kodilla.spring.introduction.calculator.CalculatorTestSuite]
13:13:07.098 [Test worker] DEBUG org.springframework.test.annotation.ProfileValueUtils - Retrieved @ProfileValueSourceConfiguration [null] for test class [com.kodilla.spring.introduction.calculator.CalculatorTestSuite]
13:13:07.099 [Test worker] DEBUG org.springframework.test.annotation.ProfileValueUtils - Retrieved ProfileValueSource type [class org.springframework.test.annotation.SystemProfileValueSource] for class [com.kodilla.spring.introduction.calculator.CalculatorTestSuite]
13:13:07.104 [Test worker] DEBUG org.springframework.test.context.support.AbstractDirtiesContextTestExecutionListener - Before test class: context [DefaultTestContext@47288351 testClass = CalculatorTestSuite, testInstance = [null], testMethod = [null], testException = [null], mergedContextConfiguration = [MergedContextConfiguration@1c0ccd0a testClass = CalculatorTestSuite, locations = '{}', classes = '{class com.kodilla.spring.introduction.SpringRunner}', contextInitializerClasses = '[]', activeProfiles = '{}', propertySourceLocations = '{}', propertySourceProperties = '{org.springframework.boot.test.context.SpringBootTestContextBootstrapper=true}', contextCustomizers = set[org.springframework.boot.test.autoconfigure.properties.PropertyMappingContextCustomizer@0, org.springframework.boot.test.autoconfigure.web.servlet.WebDriverContextCustomizerFactory$Customizer@ee4b967, org.springframework.boot.test.context.filter.ExcludeFilterContextCustomizer@4f63413e, org.springframework.boot.test.json.DuplicateJsonObjectContextCustomizerFactory$DuplicateJsonObjectContextCustomizer@267dec02, org.springframework.boot.test.mock.mockito.MockitoContextCustomizer@0, org.springframework.boot.test.web.client.TestRestTemplateContextCustomizer@650f0367, org.springframework.boot.test.context.SpringBootTestArgs@1], contextLoader = 'org.springframework.boot.test.context.SpringBootContextLoader', parent = [null]], attributes = map[[empty]]], class annotated with @DirtiesContext [false] with mode [null].
13:13:07.106 [Test worker] DEBUG org.springframework.test.annotation.ProfileValueUtils - Retrieved @ProfileValueSourceConfiguration [null] for test class [com.kodilla.spring.introduction.calculator.CalculatorTestSuite]
13:13:07.106 [Test worker] DEBUG org.springframework.test.annotation.ProfileValueUtils - Retrieved ProfileValueSource type [class org.springframework.test.annotation.SystemProfileValueSource] for class [com.kodilla.spring.introduction.calculator.CalculatorTestSuite]
13:13:07.111 [Test worker] DEBUG org.springframework.test.context.support.DependencyInjectionTestExecutionListener - Performing dependency injection for test context [[DefaultTestContext@47288351 testClass = CalculatorTestSuite, testInstance = com.kodilla.spring.introduction.calculator.CalculatorTestSuite@779a4df5, testMethod = [null], testException = [null], mergedContextConfiguration = [MergedContextConfiguration@1c0ccd0a testClass = CalculatorTestSuite, locations = '{}', classes = '{class com.kodilla.spring.introduction.SpringRunner}', contextInitializerClasses = '[]', activeProfiles = '{}', propertySourceLocations = '{}', propertySourceProperties = '{org.springframework.boot.test.context.SpringBootTestContextBootstrapper=true}', contextCustomizers = set[org.springframework.boot.test.autoconfigure.properties.PropertyMappingContextCustomizer@0, org.springframework.boot.test.autoconfigure.web.servlet.WebDriverContextCustomizerFactory$Customizer@ee4b967, org.springframework.boot.test.context.filter.ExcludeFilterContextCustomizer@4f63413e, org.springframework.boot.test.json.DuplicateJsonObjectContextCustomizerFactory$DuplicateJsonObjectContextCustomizer@267dec02, org.springframework.boot.test.mock.mockito.MockitoContextCustomizer@0, org.springframework.boot.test.web.client.TestRestTemplateContextCustomizer@650f0367, org.springframework.boot.test.context.SpringBootTestArgs@1], contextLoader = 'org.springframework.boot.test.context.SpringBootContextLoader', parent = [null]], attributes = map[[empty]]]].
13:13:07.133 [Test worker] DEBUG org.springframework.test.context.support.TestPropertySourceUtils - Adding inlined properties to environment: {spring.jmx.enabled=false, org.springframework.boot.test.context.SpringBootTestContextBootstrapper=true}

  .   ____          _            __ _ _
 /\\ / ___'_ __ _ _(_)_ __  __ _ \ \ \ \
( ( )\___ | '_ | '_| | '_ \/ _` | \ \ \ \
 \\/  ___)| |_)| | | | | || (_| |  ) ) ) )
  '  |____| .__|_| |_|_| |_\__, | / / / /
 =========|_|==============|___/=/_/_/_/
 :: Spring Boot ::        (v2.3.0.RELEASE)

2020-11-18 13:13:07.402  INFO 34756 --- [    Test worker] c.k.s.i.calculator.CalculatorTestSuite   : Starting CalculatorTestSuite on Hamonnahs-MacBook-Air.local with PID 34756 (started by hamonnah in /Users/hamonnah/Documents/Development/Projects/kodilla-course/kodilla-spring-introduction)
2020-11-18 13:13:07.404  INFO 34756 --- [    Test worker] c.k.s.i.calculator.CalculatorTestSuite   : No active profile set, falling back to default profiles: default
2020-11-18 13:13:08.068  INFO 34756 --- [    Test worker] c.k.s.i.calculator.CalculatorTestSuite   : Started CalculatorTestSuite in 0.931 seconds (JVM running for 2.062)
3.0
2.0
1.0
2.0
]]></system-out>
  <system-err><![CDATA[]]></system-err>
</testsuite>
