<?xml version="1.0" encoding="UTF-8"?>
<testsuite name="com.kodilla.spring.introduction.library.LibraryTestSuite" tests="2" skipped="0" failures="0" errors="0" timestamp="2020-11-18T12:13:08" hostname="Hamonnahs-MacBook-Air.local" time="0.221">
  <properties/>
  <testcase name="testSaveToDb" classname="com.kodilla.spring.introduction.library.LibraryTestSuite" time="0.005"/>
  <testcase name="testLoadfromDb" classname="com.kodilla.spring.introduction.library.LibraryTestSuite" time="0.005"/>
  <system-out><![CDATA[2020-11-18 13:13:08.342  INFO 34756 --- [    Test worker] .b.t.c.SpringBootTestContextBootstrapper : Neither @ContextConfiguration nor @ContextHierarchy found for test class [com.kodilla.spring.introduction.library.LibraryTestSuite], using SpringBootContextLoader
2020-11-18 13:13:08.344  INFO 34756 --- [    Test worker] o.s.t.c.support.AbstractContextLoader    : Could not detect default resource locations for test class [com.kodilla.spring.introduction.library.LibraryTestSuite]: no resource found for suffixes {-context.xml, Context.groovy}.
2020-11-18 13:13:08.344  INFO 34756 --- [    Test worker] t.c.s.AnnotationConfigContextLoaderUtils : Could not detect default configuration classes for test class [com.kodilla.spring.introduction.library.LibraryTestSuite]: LibraryTestSuite does not declare any static, non-private, non-final, nested classes annotated with @Configuration.
2020-11-18 13:13:08.356  INFO 34756 --- [    Test worker] .b.t.c.SpringBootTestContextBootstrapper : Found @SpringBootConfiguration com.kodilla.spring.introduction.SpringRunner for test class com.kodilla.spring.introduction.library.LibraryTestSuite
2020-11-18 13:13:08.359  INFO 34756 --- [    Test worker] .b.t.c.SpringBootTestContextBootstrapper : Loaded default TestExecutionListener class names from location [META-INF/spring.factories]: [org.springframework.boot.test.autoconfigure.restdocs.RestDocsTestExecutionListener, org.springframework.boot.test.autoconfigure.web.client.MockRestServiceServerResetTestExecutionListener, org.springframework.boot.test.autoconfigure.web.servlet.MockMvcPrintOnlyOnFailureTestExecutionListener, org.springframework.boot.test.autoconfigure.web.servlet.WebDriverTestExecutionListener, org.springframework.boot.test.autoconfigure.webservices.client.MockWebServiceServerTestExecutionListener, org.springframework.boot.test.mock.mockito.MockitoTestExecutionListener, org.springframework.boot.test.mock.mockito.ResetMocksTestExecutionListener, org.springframework.test.context.web.ServletTestExecutionListener, org.springframework.test.context.support.DirtiesContextBeforeModesTestExecutionListener, org.springframework.test.context.support.DependencyInjectionTestExecutionListener, org.springframework.test.context.support.DirtiesContextTestExecutionListener, org.springframework.test.context.transaction.TransactionalTestExecutionListener, org.springframework.test.context.jdbc.SqlScriptsTestExecutionListener, org.springframework.test.context.event.EventPublishingTestExecutionListener]
2020-11-18 13:13:08.361  INFO 34756 --- [    Test worker] .b.t.c.SpringBootTestContextBootstrapper : Using TestExecutionListeners: [org.springframework.test.context.support.DirtiesContextBeforeModesTestExecutionListener@2613fdf9, org.springframework.boot.test.mock.mockito.MockitoTestExecutionListener@735945b, org.springframework.boot.test.autoconfigure.SpringBootDependencyInjectionTestExecutionListener@2a955ac7, org.springframework.test.context.support.DirtiesContextTestExecutionListener@37e8b2cc, org.springframework.test.context.event.EventPublishingTestExecutionListener@ead7dfd, org.springframework.boot.test.autoconfigure.restdocs.RestDocsTestExecutionListener@2591b73f, org.springframework.boot.test.autoconfigure.web.client.MockRestServiceServerResetTestExecutionListener@25d29228, org.springframework.boot.test.autoconfigure.web.servlet.MockMvcPrintOnlyOnFailureTestExecutionListener@57de3a8c, org.springframework.boot.test.autoconfigure.web.servlet.WebDriverTestExecutionListener@3279e71f, org.springframework.boot.test.autoconfigure.webservices.client.MockWebServiceServerTestExecutionListener@1af99620, org.springframework.boot.test.mock.mockito.ResetMocksTestExecutionListener@2b0b0485]
Saving data to the database. 
Loading data from the database
]]></system-out>
  <system-err><![CDATA[]]></system-err>
</testsuite>
