<?xml version="1.0" encoding="UTF-8"?>
<testsuite name="com.kodilla.spring.introduction.ForumUserTestSuite" tests="1" skipped="0" failures="0" errors="0" timestamp="2020-11-18T12:13:08" hostname="Hamonnahs-MacBook-Air.local" time="0.009">
  <properties/>
  <testcase name="testForumGetUser" classname="com.kodilla.spring.introduction.ForumUserTestSuite" time="0.009"/>
  <system-out><![CDATA[]]></system-out>
  <system-err><![CDATA[]]></system-err>
</testsuite>
