<?xml version="1.0" encoding="UTF-8"?>
<testsuite name="com.kodilla.jdbc.DbManagerTestSuite" tests="3" skipped="0" failures="0" errors="0" timestamp="2020-11-18T12:12:59" hostname="Hamonnahs-MacBook-Air.local" time="0.428">
  <properties/>
  <testcase name="testSelectUsers" classname="com.kodilla.jdbc.DbManagerTestSuite" time="0.424"/>
  <testcase name="testConnect" classname="com.kodilla.jdbc.DbManagerTestSuite" time="0.0"/>
  <testcase name="testSelectUsersAndPosts" classname="com.kodilla.jdbc.DbManagerTestSuite" time="0.003"/>
  <system-out><![CDATA[1, John, Smith
2, Zachary, Lee
3, Stephanie, Kovalsky
4, Thomas, Landgren
5, John, Thomson
6, Zachary, Lee
7, Stephanie, Kovalsky
8, Thomas, Landgren
9, John, Thomson
10, Zachary, Lee
11, Stephanie, Kovalsky
12, Thomas, Landgren
13, John, Thomson
14, Zachary, Lee
15, Stephanie, Kovalsky
16, Thomas, Landgren
17, John, Thomson
18, Zachary, Lee
19, Stephanie, Kovalsky
20, Thomas, Landgren
21, John, Thomson
]]></system-out>
  <system-err><![CDATA[]]></system-err>
</testsuite>
